smartctl 6.2 2013-07-26 r3841 [x86_64-linux-3.10.0-327.el7.x86_64] (local build)
Copyright (C) 2002-13, Bruce Allen, Christian Franke, www.smartmontools.org

=== START OF INFORMATION SECTION ===
Vendor:               SEAGATE
Product:              ST3000NM0023
Revision:             GS09
User Capacity:        3,000,592,982,016 bytes [3.00 TB]
Logical block size:   512 bytes
Logical block provisioning type unreported, LBPME=-1, LBPRZ=0
Rotation Rate:        7200 rpm
Form Factor:          3.5 inches
Logical Unit id:      0x5000c500568dbe67
Serial number:        Z1Y05HQE
Device type:          disk
Transport protocol:   SAS
Local Time is:        Wed Oct 30 10:02:00 2019 IST
SMART support is:     Available - device has SMART capability.
SMART support is:     Enabled
Temperature Warning:  Disabled or Not Supported
Read Cache is:        Enabled
Writeback Cache is:   Disabled

=== START OF READ SMART DATA SECTION ===
SMART Health Status: OK

Current Drive Temperature:     29 C
Drive Trip Temperature:        68 C

Manufactured in week @* of year 20#
Specified cycle count over device lifetime:  10000
Accumulated start-stop cycles:  529
Specified load-unload count over device lifetime:  300000
Accumulated load-unload cycles:  817053
Elements in grown defect list: 0

Vendor (Seagate) cache information
  Blocks sent to initiator = 2564699127
  Blocks received from initiator = 2084322264
  Blocks read from cache and sent to initiator = 2810027196
  Number of read and write commands whose size <= segment size = 803901059
  Number of read and write commands whose size > segment size = 9024

Vendor (Seagate/Hitachi) factory information
  number of hours powered up = 35121.73
  number of minutes until next internal SMART test = 4

Error counter log:
           Errors Corrected by           Total   Correction     Gigabytes    Total
               ECC          rereads/    errors   algorithm      processed    uncorrected
           fast | delayed   rewrites  corrected  invocations   [10^9 bytes]  errors
read:   1599229880        0         0  1599229880          0      60212.213           0
write:         0        0         2         2          2      27588.443           0
verify: 3912027898        0         0  3912027898          0      12388.780           0

Non-medium error count:      294

SMART Self-test log
Num  Test              Status                 segment  LifeTime  LBA_first_err [SK ASC ASQ]
     Description                              number   (hours)
# 1  Background short  Completed                  48    6712                 - [-   -    -]
Long (extended) Self Test duration: 26000 seconds [433.3 minutes]

Background scan results log
  Status: waiting until BMS interval timer expires
    Accumulated power on time, hours:minutes 35121:44 [2107304 minutes]
    Number of background scans performed: 332,  scan progress: 0.00%
    Number of background medium scans performed: 332

Protocol Specific port log page for SAS SSP
relative target port id = 1
  generation code = 0
  number of phys = 1
  phy identifier = 0
    attached device type: expander device
    attached reason: power on
    reason: power on
    negotiated logical link rate: phy enabled; 6 Gbps
    attached initiator port: ssp=0 stp=0 smp=1
    attached target port: ssp=0 stp=0 smp=1
    SAS address = 0x5000c500568dbe65
    attached SAS address = 0x500093d0035f10bf
    attached phy identifier = 5
    Invalid DWORD count = 0
    Running disparity error count = 0
    Loss of DWORD synchronization = 3
    Phy reset problem = 0
    Phy event descriptors:
     Invalid word count: 0
     Running disparity error count: 0
     Loss of dword synchronization count: 3
     Phy reset problem count: 0
relative target port id = 2
  generation code = 0
  number of phys = 1
  phy identifier = 1
    attached device type: expander device
    attached reason: power on
    reason: unknown
    negotiated logical link rate: phy enabled; 6 Gbps
    attached initiator port: ssp=0 stp=0 smp=1
    attached target port: ssp=0 stp=0 smp=1
    SAS address = 0x5000c500568dbe66
    attached SAS address = 0x500093d0035f11bf
    attached phy identifier = 5
    Invalid DWORD count = 0
    Running disparity error count = 0
    Loss of DWORD synchronization = 0
    Phy reset problem = 0
    Phy event descriptors:
     Invalid word count: 0
     Running disparity error count: 0
     Loss of dword synchronization count: 0
     Phy reset problem count: 0

