[0:0:0:0]    disk    SEAGATE  ST1200MM0088     TT31  /dev/sda 
[0:0:1:0]    disk    SEAGATE  ST1200MM0088     TT31  /dev/sdb 
[0:0:9:0]    disk    ATA      SAMSUNG MZ7LM1T9 204Q  /dev/sdij
[0:0:10:0]   disk    ATA      SAMSUNG MZ7LM1T9 204Q  /dev/sdik
[2:0:0:0]    disk    SEAGATE  ST3000NM0023     GS09  /dev/sdc 
[2:0:1:0]    disk    SEAGATE  ST3000NM0023     GS09  /dev/sdd 
[2:0:2:0]    disk    SEAGATE  ST3000NM0023     GS09  /dev/sde 
[2:0:3:0]    disk    SEAGATE  ST3000NM0023     GS09  /dev/sdf 
[2:0:4:0]    enclosu NEWISYS  NDS-4600-JD      0512  -        
[2:0:5:0]    disk    SEAGATE  ST3000NM0023     GS09  /dev/sdg 
[2:0:6:0]    disk    SEAGATE  ST3000NM0023     GS09  /dev/sdh 
[2:0:7:0]    disk    SEAGATE  ST3000NM0023     GS09  /dev/sdi 
[2:0:8:0]    disk    SEAGATE  ST3000NM0023     GS09  /dev/sdj 
[2:0:9:0]    disk    SEAGATE  ST3000NM0023     GS09  /dev/sdk 
[2:0:10:0]   disk    SEAGATE  ST3000NM0023     GS09  /dev/sdl 
[2:0:11:0]   disk    SEAGATE  ST3000NM0023     GS09  /dev/sdm 
[2:0:12:0]   disk    SEAGATE  ST3000NM0023     GS09  /dev/sdn 
[2:0:13:0]   disk    SEAGATE  ST3000NM0023     GS09  /dev/sdo 
[2:0:14:0]   disk    SEAGATE  ST3000NM0023     GS09  /dev/sdp 
[2:0:15:0]   disk    SEAGATE  ST3000NM0023     GS09  /dev/sdq 
[2:0:16:0]   disk    SEAGATE  ST3000NM0023     GS09  /dev/sdr 
[2:0:17:0]   disk    SEAGATE  ST3000NM0023     GS09  /dev/sds 
[2:0:18:0]   disk    SEAGATE  ST3000NM0023     GS09  /dev/sdt 
[2:0:19:0]   disk    SEAGATE  ST3000NM0023     GS09  /dev/sdu 
[2:0:20:0]   disk    SEAGATE  ST3000NM0023     GS09  /dev/sdv 
[2:0:21:0]   disk    SEAGATE  ST3000NM0023     GS09  /dev/sdw 
[2:0:22:0]   disk    SEAGATE  ST3000NM0023     GS09  /dev/sdx 
[2:0:23:0]   disk    SEAGATE  ST3000NM0023     GS09  /dev/sdy 
[2:0:24:0]   disk    SEAGATE  ST3000NM0023     GS09  /dev/sdz 
[2:0:25:0]   disk    SEAGATE  ST3000NM0023     GS09  /dev/sdaa
[2:0:26:0]   disk    SEAGATE  ST3000NM0023     GS09  /dev/sdab
[2:0:27:0]   disk    SEAGATE  ST3000NM0023     GS09  /dev/sdac
[2:0:28:0]   disk    SEAGATE  ST3000NM0023     GS09  /dev/sdad
[2:0:29:0]   disk    SEAGATE  ST3000NM0023     GS09  /dev/sdae
[2:0:30:0]   disk    SEAGATE  ST3000NM0023     GS09  /dev/sdaf
[2:0:31:0]   disk    SEAGATE  ST3000NM0023     GS09  /dev/sdag
[2:0:32:0]   disk    SEAGATE  ST3000NM0023     GS09  /dev/sdah
[2:0:33:0]   disk    SEAGATE  ST3000NM0023     GS09  /dev/sdai
[2:0:34:0]   disk    SEAGATE  ST3000NM0023     GS09  /dev/sdaj
[2:0:35:0]   disk    SEAGATE  ST3000NM0023     GS09  /dev/sdak
[2:0:36:0]   disk    SEAGATE  ST3000NM0023     GS09  /dev/sdal
[2:0:37:0]   disk    SEAGATE  ST3000NM0023     GS09  /dev/sdam
[2:0:38:0]   disk    SEAGATE  ST3000NM0023     GS09  /dev/sdan
[2:0:39:0]   disk    SEAGATE  ST3000NM0023     GS09  /dev/sdao
[2:0:40:0]   disk    SEAGATE  ST3000NM0023     GS09  /dev/sdap
[2:0:41:0]   disk    SEAGATE  ST3000NM0023     GS09  /dev/sdaq
[2:0:42:0]   disk    SEAGATE  ST3000NM0023     GS09  /dev/sdar
[2:0:43:0]   disk    SEAGATE  ST3000NM0023     GS09  /dev/sdas
[2:0:44:0]   disk    SEAGATE  ST3000NM0023     GS09  /dev/sdat
[2:0:45:0]   disk    SEAGATE  ST3000NM0023     GS09  /dev/sdau
[2:0:46:0]   disk    SEAGATE  ST3000NM0023     GS09  /dev/sdav
[2:0:47:0]   disk    SEAGATE  ST3000NM0023     GS09  /dev/sdaw
[2:0:48:0]   disk    SEAGATE  ST3000NM0023     GS09  /dev/sdax
[2:0:49:0]   disk    SEAGATE  ST3000NM0023     GS09  /dev/sday
[2:0:50:0]   disk    SEAGATE  ST3000NM0023     GS09  /dev/sdaz
[2:0:51:0]   disk    SEAGATE  ST3000NM0023     GS09  /dev/sdba
[2:0:52:0]   disk    SEAGATE  ST3000NM0023     GS09  /dev/sdbb
[2:0:53:0]   disk    SEAGATE  ST3000NM0023     GS09  /dev/sdbc
[2:0:54:0]   disk    SEAGATE  ST3000NM0023     GS09  /dev/sdbd
[2:0:55:0]   disk    SEAGATE  ST3000NM0023     GS09  /dev/sdbe
[2:0:56:0]   disk    SEAGATE  ST3000NM0023     GS09  /dev/sdbf
[2:0:57:0]   disk    SEAGATE  ST3000NM0023     GS09  /dev/sdbg
[2:0:58:0]   disk    SEAGATE  ST3000NM0023     GS09  /dev/sdbh
[2:0:59:0]   disk    SEAGATE  ST3000NM0023     GS09  /dev/sdbi
[2:0:60:0]   disk    SEAGATE  ST3000NM0023     GS09  /dev/sdbj
[2:0:61:0]   disk    SEAGATE  ST3000NM0023     GS09  /dev/sdbk
[2:0:62:0]   disk    SEAGATE  ST3000NM0023     GS09  /dev/sdbl
[2:0:63:0]   disk    SEAGATE  ST3000NM0023     GS09  /dev/sdbm
[2:0:64:0]   disk    SEAGATE  ST3000NM0023     GS09  /dev/sdbn
[2:0:65:0]   enclosu NEWISYS  NDS-4600-JD      0512  -        
[2:0:66:0]   disk    SEAGATE  ST3000NM0023     GS09  /dev/sdbo
[2:0:67:0]   disk    SEAGATE  ST3000NM0023     GS09  /dev/sdbp
[2:0:68:0]   disk    SEAGATE  ST3000NM0023     GS09  /dev/sdbq
[2:0:69:0]   disk    SEAGATE  ST3000NM0023     GS09  /dev/sdbr
[2:0:70:0]   disk    SEAGATE  ST3000NM0023     GS09  /dev/sdbs
[2:0:71:0]   disk    SEAGATE  ST3000NM0023     GS09  /dev/sdbt
[2:0:72:0]   disk    SEAGATE  ST3000NM0023     GS09  /dev/sdbu
[2:0:73:0]   disk    SEAGATE  ST3000NM0023     GS09  /dev/sdbv
[2:0:74:0]   disk    SEAGATE  ST3000NM0023     GS09  /dev/sdbw
[2:0:75:0]   disk    SEAGATE  ST3000NM0023     GS09  /dev/sdbx
[2:0:76:0]   disk    SEAGATE  ST3000NM0023     GS09  /dev/sdby
[2:0:77:0]   disk    SEAGATE  ST3000NM0023     GS09  /dev/sdbz
[2:0:78:0]   disk    SEAGATE  ST3000NM0023     GS09  /dev/sdca
[2:0:79:0]   disk    SEAGATE  ST3000NM0023     GS09  /dev/sdcb
[2:0:80:0]   disk    SEAGATE  ST3000NM0023     GS09  /dev/sdcc
[2:0:81:0]   disk    SEAGATE  ST3000NM0023     GS09  /dev/sdcd
[2:0:82:0]   disk    SEAGATE  ST3000NM0023     GS09  /dev/sdce
[2:0:83:0]   disk    SEAGATE  ST3000NM0023     GS09  /dev/sdcf
[2:0:84:0]   disk    SEAGATE  ST3000NM0023     GS09  /dev/sdcg
[2:0:85:0]   disk    SEAGATE  ST3000NM0023     GS09  /dev/sdch
[2:0:86:0]   disk    SEAGATE  ST3000NM0023     GS09  /dev/sdci
[2:0:87:0]   disk    SEAGATE  ST3000NM0023     GS09  /dev/sdcj
[2:0:88:0]   disk    SEAGATE  ST3000NM0023     GS09  /dev/sdck
[2:0:89:0]   disk    SEAGATE  ST3000NM0023     GS09  /dev/sdcl
[2:0:90:0]   disk    SEAGATE  ST3000NM0023     GS09  /dev/sdcm
[2:0:91:0]   disk    SEAGATE  ST3000NM0023     GS09  /dev/sdcn
[2:0:92:0]   disk    SEAGATE  ST3000NM0023     GS09  /dev/sdco
[2:0:93:0]   disk    SEAGATE  ST3000NM0023     GS09  /dev/sdcp
[2:0:94:0]   disk    SEAGATE  ST3000NM0023     GS09  /dev/sdcq
[2:0:95:0]   disk    SEAGATE  ST3000NM0023     GS09  /dev/sdcr
[2:0:96:0]   disk    SEAGATE  ST3000NM0023     GS09  /dev/sdcs
[2:0:97:0]   disk    SEAGATE  ST3000NM0023     GS09  /dev/sdct
[2:0:98:0]   disk    SEAGATE  ST3000NM0023     GS09  /dev/sdcu
[2:0:99:0]   disk    SEAGATE  ST3000NM0023     GS09  /dev/sdcv
[2:0:100:0]  disk    SEAGATE  ST3000NM0023     GS09  /dev/sdcw
[2:0:101:0]  disk    SEAGATE  ST3000NM0023     GS09  /dev/sdcx
[2:0:102:0]  disk    SEAGATE  ST3000NM0023     GS09  /dev/sdcy
[2:0:103:0]  disk    SEAGATE  ST3000NM0023     GS09  /dev/sdcz
[2:0:104:0]  disk    SEAGATE  ST3000NM0023     GS09  /dev/sdda
[2:0:105:0]  disk    SEAGATE  ST3000NM0023     GS09  /dev/sddb
[2:0:106:0]  disk    SEAGATE  ST3000NM0023     GS09  /dev/sddc
[2:0:107:0]  disk    SEAGATE  ST3000NM0023     GS09  /dev/sddd
[2:0:108:0]  disk    SEAGATE  ST3000NM0023     GS09  /dev/sdde
[2:0:109:0]  disk    SEAGATE  ST3000NM0023     GS09  /dev/sddf
[2:0:110:0]  disk    SEAGATE  ST3000NM0023     GS09  /dev/sddg
[2:0:111:0]  disk    SEAGATE  ST3000NM0023     GS09  /dev/sddh
[2:0:112:0]  disk    SEAGATE  ST3000NM0023     GS09  /dev/sddi
[2:0:113:0]  disk    SEAGATE  ST3000NM0023     GS09  /dev/sddj
[2:0:114:0]  disk    SEAGATE  ST3000NM0023     GS09  /dev/sddk
[2:0:115:0]  disk    SEAGATE  ST3000NM0023     GS09  /dev/sddl
[2:0:116:0]  disk    SEAGATE  ST3000NM0023     GS09  /dev/sddm
[2:0:117:0]  disk    SEAGATE  ST3000NM0023     GS09  /dev/sddn
[2:0:118:0]  disk    SEAGATE  ST3000NM0023     GS09  /dev/sddo
[2:0:119:0]  disk    SEAGATE  ST3000NM0023     GS09  /dev/sddp
[2:0:120:0]  disk    SEAGATE  ST3000NM0023     GS09  /dev/sddq
[2:0:121:0]  disk    SEAGATE  ST3000NM0023     GS09  /dev/sddr
[3:0:0:0]    disk    SEAGATE  ST3000NM0023     GS09  /dev/sdds
[3:0:1:0]    disk    SEAGATE  ST3000NM0023     GS09  /dev/sddt
[3:0:2:0]    disk    SEAGATE  ST3000NM0023     GS09  /dev/sddu
[3:0:3:0]    disk    SEAGATE  ST3000NM0023     GS09  /dev/sddv
[3:0:4:0]    enclosu NEWISYS  NDS-4600-JD      0512  -        
[3:0:5:0]    disk    SEAGATE  ST3000NM0023     GS09  /dev/sddw
[3:0:6:0]    disk    SEAGATE  ST3000NM0023     GS09  /dev/sddx
[3:0:7:0]    disk    SEAGATE  ST3000NM0023     GS09  /dev/sddy
[3:0:8:0]    disk    SEAGATE  ST3000NM0023     GS09  /dev/sddz
[3:0:9:0]    disk    SEAGATE  ST3000NM0023     GS09  /dev/sdea
[3:0:10:0]   disk    SEAGATE  ST3000NM0023     GS09  /dev/sdeb
[3:0:11:0]   disk    SEAGATE  ST3000NM0023     GS09  /dev/sdec
[3:0:12:0]   disk    SEAGATE  ST3000NM0023     GS09  /dev/sded
[3:0:13:0]   disk    SEAGATE  ST3000NM0023     GS09  /dev/sdee
[3:0:14:0]   disk    SEAGATE  ST3000NM0023     GS09  /dev/sdef
[3:0:15:0]   disk    SEAGATE  ST3000NM0023     GS09  /dev/sdeg
[3:0:16:0]   disk    SEAGATE  ST3000NM0023     GS09  /dev/sdeh
[3:0:17:0]   disk    SEAGATE  ST3000NM0023     GS09  /dev/sdei
[3:0:18:0]   disk    SEAGATE  ST3000NM0023     GS09  /dev/sdej
[3:0:19:0]   disk    SEAGATE  ST3000NM0023     GS09  /dev/sdek
[3:0:20:0]   disk    SEAGATE  ST3000NM0023     GS09  /dev/sdel
[3:0:21:0]   disk    SEAGATE  ST3000NM0023     GS09  /dev/sdem
[3:0:22:0]   disk    SEAGATE  ST3000NM0023     GS09  /dev/sden
[3:0:23:0]   disk    SEAGATE  ST3000NM0023     GS09  /dev/sdeo
[3:0:24:0]   disk    SEAGATE  ST3000NM0023     GS09  /dev/sdep
[3:0:25:0]   disk    SEAGATE  ST3000NM0023     GS09  /dev/sdeq
[3:0:26:0]   disk    SEAGATE  ST3000NM0023     GS09  /dev/sder
[3:0:27:0]   disk    SEAGATE  ST3000NM0023     GS09  /dev/sdes
[3:0:28:0]   disk    SEAGATE  ST3000NM0023     GS09  /dev/sdet
[3:0:29:0]   disk    SEAGATE  ST3000NM0023     GS09  /dev/sdeu
[3:0:30:0]   disk    SEAGATE  ST3000NM0023     GS09  /dev/sdev
[3:0:31:0]   disk    SEAGATE  ST3000NM0023     GS09  /dev/sdew
[3:0:32:0]   disk    SEAGATE  ST3000NM0023     GS09  /dev/sdex
[3:0:33:0]   disk    SEAGATE  ST3000NM0023     GS09  /dev/sdey
[3:0:34:0]   disk    SEAGATE  ST3000NM0023     GS09  /dev/sdez
[3:0:35:0]   disk    SEAGATE  ST3000NM0023     GS09  /dev/sdfa
[3:0:36:0]   disk    SEAGATE  ST3000NM0023     GS09  /dev/sdfb
[3:0:37:0]   disk    SEAGATE  ST3000NM0023     GS09  /dev/sdfc
[3:0:38:0]   disk    SEAGATE  ST3000NM0023     GS09  /dev/sdfd
[3:0:39:0]   disk    SEAGATE  ST3000NM0023     GS09  /dev/sdfe
[3:0:40:0]   disk    SEAGATE  ST3000NM0023     GS09  /dev/sdff
[3:0:41:0]   disk    SEAGATE  ST3000NM0023     GS09  /dev/sdfg
[3:0:42:0]   disk    SEAGATE  ST3000NM0023     GS09  /dev/sdfh
[3:0:43:0]   disk    SEAGATE  ST3000NM0023     GS09  /dev/sdfi
[3:0:44:0]   disk    SEAGATE  ST3000NM0023     GS09  /dev/sdfj
[3:0:45:0]   disk    SEAGATE  ST3000NM0023     GS09  /dev/sdfk
[3:0:46:0]   disk    SEAGATE  ST3000NM0023     GS09  /dev/sdfl
[3:0:47:0]   disk    SEAGATE  ST3000NM0023     GS09  /dev/sdfm
[3:0:48:0]   disk    SEAGATE  ST3000NM0023     GS09  /dev/sdfn
[3:0:49:0]   disk    SEAGATE  ST3000NM0023     GS09  /dev/sdfo
[3:0:50:0]   disk    SEAGATE  ST3000NM0023     GS09  /dev/sdfp
[3:0:51:0]   disk    SEAGATE  ST3000NM0023     GS09  /dev/sdfq
[3:0:52:0]   disk    SEAGATE  ST3000NM0023     GS09  /dev/sdfr
[3:0:53:0]   disk    SEAGATE  ST3000NM0023     GS09  /dev/sdfs
[3:0:54:0]   disk    SEAGATE  ST3000NM0023     GS09  /dev/sdft
[3:0:55:0]   disk    SEAGATE  ST3000NM0023     GS09  /dev/sdfu
[3:0:56:0]   disk    SEAGATE  ST3000NM0023     GS09  /dev/sdfv
[3:0:57:0]   disk    SEAGATE  ST3000NM0023     GS09  /dev/sdfw
[3:0:58:0]   disk    SEAGATE  ST3000NM0023     GS09  /dev/sdfx
[3:0:59:0]   disk    SEAGATE  ST3000NM0023     GS09  /dev/sdfy
[3:0:60:0]   disk    SEAGATE  ST3000NM0023     GS09  /dev/sdfz
[3:0:61:0]   disk    SEAGATE  ST3000NM0023     GS09  /dev/sdga
[3:0:62:0]   disk    SEAGATE  ST3000NM0023     GS09  /dev/sdgb
[3:0:63:0]   disk    SEAGATE  ST3000NM0023     GS09  /dev/sdgc
[3:0:64:0]   disk    SEAGATE  ST3000NM0023     GS09  /dev/sdgd
[3:0:65:0]   enclosu NEWISYS  NDS-4600-JD      0512  -        
[3:0:66:0]   disk    SEAGATE  ST3000NM0023     GS09  /dev/sdge
[3:0:67:0]   disk    SEAGATE  ST3000NM0023     GS09  /dev/sdgf
[3:0:68:0]   disk    SEAGATE  ST3000NM0023     GS09  /dev/sdgg
[3:0:69:0]   disk    SEAGATE  ST3000NM0023     GS09  /dev/sdgh
[3:0:70:0]   disk    SEAGATE  ST3000NM0023     GS09  /dev/sdgi
[3:0:71:0]   disk    SEAGATE  ST3000NM0023     GS09  /dev/sdgj
[3:0:72:0]   disk    SEAGATE  ST3000NM0023     GS09  /dev/sdgk
[3:0:73:0]   disk    SEAGATE  ST3000NM0023     GS09  /dev/sdgl
[3:0:74:0]   disk    SEAGATE  ST3000NM0023     GS09  /dev/sdgm
[3:0:75:0]   disk    SEAGATE  ST3000NM0023     GS09  /dev/sdgn
[3:0:76:0]   disk    SEAGATE  ST3000NM0023     GS09  /dev/sdgo
[3:0:77:0]   disk    SEAGATE  ST3000NM0023     GS09  /dev/sdgp
[3:0:78:0]   disk    SEAGATE  ST3000NM0023     GS09  /dev/sdgq
[3:0:79:0]   disk    SEAGATE  ST3000NM0023     GS09  /dev/sdgr
[3:0:80:0]   disk    SEAGATE  ST3000NM0023     GS09  /dev/sdgs
[3:0:81:0]   disk    SEAGATE  ST3000NM0023     GS09  /dev/sdgt
[3:0:82:0]   disk    SEAGATE  ST3000NM0023     GS09  /dev/sdgu
[3:0:83:0]   disk    SEAGATE  ST3000NM0023     GS09  /dev/sdgv
[3:0:84:0]   disk    SEAGATE  ST3000NM0023     GS09  /dev/sdgw
[3:0:85:0]   disk    SEAGATE  ST3000NM0023     GS09  /dev/sdgx
[3:0:86:0]   disk    SEAGATE  ST3000NM0023     GS09  /dev/sdgy
[3:0:87:0]   disk    SEAGATE  ST3000NM0023     GS09  /dev/sdgz
[3:0:88:0]   disk    SEAGATE  ST3000NM0023     GS09  /dev/sdha
[3:0:89:0]   disk    SEAGATE  ST3000NM0023     GS09  /dev/sdhb
[3:0:90:0]   disk    SEAGATE  ST3000NM0023     GS09  /dev/sdhc
[3:0:91:0]   disk    SEAGATE  ST3000NM0023     GS09  /dev/sdhd
[3:0:92:0]   disk    SEAGATE  ST3000NM0023     GS09  /dev/sdhe
[3:0:93:0]   disk    SEAGATE  ST3000NM0023     GS09  /dev/sdhf
[3:0:94:0]   disk    SEAGATE  ST3000NM0023     GS09  /dev/sdhg
[3:0:95:0]   disk    SEAGATE  ST3000NM0023     GS09  /dev/sdhh
[3:0:96:0]   disk    SEAGATE  ST3000NM0023     GS09  /dev/sdhi
[3:0:97:0]   disk    SEAGATE  ST3000NM0023     GS09  /dev/sdhj
[3:0:98:0]   disk    SEAGATE  ST3000NM0023     GS09  /dev/sdhk
[3:0:99:0]   disk    SEAGATE  ST3000NM0023     GS09  /dev/sdhl
[3:0:100:0]  disk    SEAGATE  ST3000NM0023     GS09  /dev/sdhm
[3:0:101:0]  disk    SEAGATE  ST3000NM0023     GS09  /dev/sdhn
[3:0:102:0]  disk    SEAGATE  ST3000NM0023     GS09  /dev/sdho
[3:0:103:0]  disk    SEAGATE  ST3000NM0023     GS09  /dev/sdhp
[3:0:104:0]  disk    SEAGATE  ST3000NM0023     GS09  /dev/sdhq
[3:0:105:0]  disk    SEAGATE  ST3000NM0023     GS09  /dev/sdhr
[3:0:106:0]  disk    SEAGATE  ST3000NM0023     GS09  /dev/sdhs
[3:0:107:0]  disk    SEAGATE  ST3000NM0023     GS09  /dev/sdht
[3:0:108:0]  disk    SEAGATE  ST3000NM0023     GS09  /dev/sdhu
[3:0:109:0]  disk    SEAGATE  ST3000NM0023     GS09  /dev/sdhv
[3:0:110:0]  disk    SEAGATE  ST3000NM0023     GS09  /dev/sdhw
[3:0:111:0]  disk    SEAGATE  ST3000NM0023     GS09  /dev/sdhx
[3:0:112:0]  disk    SEAGATE  ST3000NM0023     GS09  /dev/sdhy
[3:0:113:0]  disk    SEAGATE  ST3000NM0023     GS09  /dev/sdhz
[3:0:114:0]  disk    SEAGATE  ST3000NM0023     GS09  /dev/sdia
[3:0:115:0]  disk    SEAGATE  ST3000NM0023     GS09  /dev/sdib
[3:0:116:0]  disk    SEAGATE  ST3000NM0023     GS09  /dev/sdic
[3:0:117:0]  disk    SEAGATE  ST3000NM0023     GS09  /dev/sdid
[3:0:118:0]  disk    SEAGATE  ST3000NM0023     GS09  /dev/sdie
[3:0:119:0]  disk    SEAGATE  ST3000NM0023     GS09  /dev/sdif
[3:0:120:0]  disk    SEAGATE  ST3000NM0023     GS09  /dev/sdig
[3:0:121:0]  disk    SEAGATE  ST3000NM0023     GS09  /dev/sdih
[22:0:0:0]   disk    Kingston DataTraveler 3.0 PMAP  /dev/sdii
